<?xml version="1.0" encoding="utf-8"?>
<CoverageSession>
  <Summary numSequencePoints="116" visitedSequencePoints="106" numBranchPoints="26" visitedBranchPoints="20" sequenceCoverage="91.37" branchCoverage="76.92" maxCyclomaticComplexity="65" minCyclomaticComplexity="65" visitedClasses="30" numClasses="32" visitedMethods="41" numMethods="44" />
  <Modules>
    <Module hash="229E2B4D-A6F6-4AFF-90E1-DC6B270211D7">
      <ModulePath>Application.dll</ModulePath>
      <ModuleTime>2025-06-01T01:15:11</ModuleTime>
      <ModuleName>Application</ModuleName>
      <Files>
        <File uid="1" fullPath="D:\UnidadDocumentos\jose\CURSOS\AZURE_IA\netClean\CleanMinimalApi\src\Application\Versions\Queries\GetVersion\GetVersionHandler.cs" />
        <File uid="2" fullPath="D:\UnidadDocumentos\jose\CURSOS\AZURE_IA\netClean\CleanMinimalApi\src\Application\Versions\Entities\Version.cs" />
        <File uid="3" fullPath="D:\UnidadDocumentos\jose\CURSOS\AZURE_IA\netClean\CleanMinimalApi\src\Application\Reviews\Queries\GetReviews\GetReviewsHandler.cs" />
        <File uid="4" fullPath="D:\UnidadDocumentos\jose\CURSOS\AZURE_IA\netClean\CleanMinimalApi\src\Application\Reviews\Queries\GetReviewById\GetReviewByIdHandler.cs" />
        <File uid="5" fullPath="D:\UnidadDocumentos\jose\CURSOS\AZURE_IA\netClean\CleanMinimalApi\src\Application\Reviews\Queries\GetReviewById\GetReviewByIdQuery.cs" />
        <File uid="6" fullPath="D:\UnidadDocumentos\jose\CURSOS\AZURE_IA\netClean\CleanMinimalApi\src\Application\Reviews\Entities\Review.cs" />
        <File uid="7" fullPath="D:\UnidadDocumentos\jose\CURSOS\AZURE_IA\netClean\CleanMinimalApi\src\Application\Reviews\Commands\UpdateReview\UpdateReviewCommand.cs" />
        <File uid="8" fullPath="D:\UnidadDocumentos\jose\CURSOS\AZURE_IA\netClean\CleanMinimalApi\src\Application\Reviews\Commands\UpdateReview\UpdateReviewHandler.cs" />
        <File uid="9" fullPath="D:\UnidadDocumentos\jose\CURSOS\AZURE_IA\netClean\CleanMinimalApi\src\Application\Reviews\Commands\DeleteReview\DeleteReviewCommand.cs" />
        <File uid="10" fullPath="D:\UnidadDocumentos\jose\CURSOS\AZURE_IA\netClean\CleanMinimalApi\src\Application\Reviews\Commands\DeleteReview\DeleteReviewHandler.cs" />
        <File uid="11" fullPath="D:\UnidadDocumentos\jose\CURSOS\AZURE_IA\netClean\CleanMinimalApi\src\Application\Reviews\Commands\CreateReview\CreateReviewCommand.cs" />
        <File uid="12" fullPath="D:\UnidadDocumentos\jose\CURSOS\AZURE_IA\netClean\CleanMinimalApi\src\Application\Reviews\Commands\CreateReview\CreateReviewHandler.cs" />
        <File uid="13" fullPath="D:\UnidadDocumentos\jose\CURSOS\AZURE_IA\netClean\CleanMinimalApi\src\Application\Movies\Queries\GetMovies\GetMoviesHandler.cs" />
        <File uid="14" fullPath="D:\UnidadDocumentos\jose\CURSOS\AZURE_IA\netClean\CleanMinimalApi\src\Application\Movies\Queries\GetMovieById\GetMovieByIdHandler.cs" />
        <File uid="15" fullPath="D:\UnidadDocumentos\jose\CURSOS\AZURE_IA\netClean\CleanMinimalApi\src\Application\Movies\Queries\GetMovieById\GetMovieByIdQuery.cs" />
        <File uid="16" fullPath="D:\UnidadDocumentos\jose\CURSOS\AZURE_IA\netClean\CleanMinimalApi\src\Application\Movies\Entities\Movie.cs" />
        <File uid="17" fullPath="D:\UnidadDocumentos\jose\CURSOS\AZURE_IA\netClean\CleanMinimalApi\src\Application\Movies\Entities\ReviewedMovie.cs" />
        <File uid="18" fullPath="D:\UnidadDocumentos\jose\CURSOS\AZURE_IA\netClean\CleanMinimalApi\src\Application\Common\Exceptions\NotFoundException.cs" />
        <File uid="19" fullPath="D:\UnidadDocumentos\jose\CURSOS\AZURE_IA\netClean\CleanMinimalApi\src\Application\Authors\Queries\GetAuthors\GetAuthorsHandler.cs" />
        <File uid="20" fullPath="D:\UnidadDocumentos\jose\CURSOS\AZURE_IA\netClean\CleanMinimalApi\src\Application\Authors\Queries\GetAuthorById\GetAuthorByIdHandler.cs" />
        <File uid="21" fullPath="D:\UnidadDocumentos\jose\CURSOS\AZURE_IA\netClean\CleanMinimalApi\src\Application\Authors\Queries\GetAuthorById\GetAuthorByIdQuery.cs" />
        <File uid="22" fullPath="D:\UnidadDocumentos\jose\CURSOS\AZURE_IA\netClean\CleanMinimalApi\src\Application\Authors\Entities\Author.cs" />
        <File uid="23" fullPath="D:\UnidadDocumentos\jose\CURSOS\AZURE_IA\netClean\CleanMinimalApi\src\Application\Authors\Entities\ReviewAuthor.cs" />
      </Files>
      <Classes>
        <Class>
          <Summary numSequencePoints="11" visitedSequencePoints="11" numBranchPoints="12" visitedBranchPoints="6" sequenceCoverage="100" branchCoverage="50" maxCyclomaticComplexity="12" minCyclomaticComplexity="12" visitedClasses="1" numClasses="1" visitedMethods="1" numMethods="1" />
          <FullName>CleanMinimalApi.Application.Versions.Queries.GetVersion.GetVersionHandler</FullName>
          <Methods>
            <Method cyclomaticComplexity="12" nPathComplexity="12" sequenceCoverage="100" branchCoverage="50" isConstructor="False" isGetter="False" isSetter="False" isStatic="True">
              <Summary numSequencePoints="11" visitedSequencePoints="11" numBranchPoints="12" visitedBranchPoints="6" sequenceCoverage="100" branchCoverage="50" maxCyclomaticComplexity="12" minCyclomaticComplexity="12" visitedClasses="0" numClasses="0" visitedMethods="1" numMethods="1" />
              <MetadataToken />
              <Name>System.Threading.Tasks.Task`1&lt;CleanMinimalApi.Application.Versions.Entities.Version&gt; CleanMinimalApi.Application.Versions.Queries.GetVersion.GetVersionHandler::Handle(CleanMinimalApi.Application.Versions.Queries.GetVersion.GetVersionQuery,System.Threading.CancellationToken)</Name>
              <FileRef uid="1" />
              <SequencePoints>
                <SequencePoint vc="1" uspid="12" ordinal="0" sl="12" sc="1" el="12" ec="2" bec="0" bev="0" fileid="1" />
                <SequencePoint vc="1" uspid="13" ordinal="1" sl="13" sc="1" el="13" ec="2" bec="0" bev="0" fileid="1" />
                <SequencePoint vc="1" uspid="15" ordinal="2" sl="15" sc="1" el="15" ec="2" bec="12" bev="6" fileid="1" />
                <SequencePoint vc="1" uspid="16" ordinal="3" sl="16" sc="1" el="16" ec="2" bec="0" bev="0" fileid="1" />
                <SequencePoint vc="1" uspid="17" ordinal="4" sl="17" sc="1" el="17" ec="2" bec="0" bev="0" fileid="1" />
                <SequencePoint vc="1" uspid="18" ordinal="5" sl="18" sc="1" el="18" ec="2" bec="0" bev="0" fileid="1" />
                <SequencePoint vc="1" uspid="19" ordinal="6" sl="19" sc="1" el="19" ec="2" bec="0" bev="0" fileid="1" />
                <SequencePoint vc="1" uspid="20" ordinal="7" sl="20" sc="1" el="20" ec="2" bec="0" bev="0" fileid="1" />
                <SequencePoint vc="1" uspid="21" ordinal="8" sl="21" sc="1" el="21" ec="2" bec="0" bev="0" fileid="1" />
                <SequencePoint vc="1" uspid="23" ordinal="9" sl="23" sc="1" el="23" ec="2" bec="0" bev="0" fileid="1" />
                <SequencePoint vc="1" uspid="24" ordinal="10" sl="24" sc="1" el="24" ec="2" bec="0" bev="0" fileid="1" />
              </SequencePoints>
              <BranchPoints>
                <BranchPoint vc="0" uspid="15" ordinal="0" path="0" offset="14" offsetend="16" sl="15" fileid="1" />
                <BranchPoint vc="1" uspid="15" ordinal="1" path="1" offset="14" offsetend="19" sl="15" fileid="1" />
                <BranchPoint vc="0" uspid="15" ordinal="2" path="0" offset="26" offsetend="28" sl="15" fileid="1" />
                <BranchPoint vc="1" uspid="15" ordinal="3" path="1" offset="26" offsetend="32" sl="15" fileid="1" />
                <BranchPoint vc="0" uspid="15" ordinal="4" path="0" offset="38" offsetend="40" sl="15" fileid="1" />
                <BranchPoint vc="1" uspid="15" ordinal="5" path="1" offset="38" offsetend="46" sl="15" fileid="1" />
                <BranchPoint vc="0" uspid="15" ordinal="6" path="0" offset="54" offsetend="56" sl="15" fileid="1" />
                <BranchPoint vc="1" uspid="15" ordinal="7" path="1" offset="54" offsetend="59" sl="15" fileid="1" />
                <BranchPoint vc="0" uspid="15" ordinal="8" path="0" offset="66" offsetend="68" sl="15" fileid="1" />
                <BranchPoint vc="1" uspid="15" ordinal="9" path="1" offset="66" offsetend="72" sl="15" fileid="1" />
                <BranchPoint vc="0" uspid="15" ordinal="10" path="0" offset="78" offsetend="80" sl="15" fileid="1" />
                <BranchPoint vc="1" uspid="15" ordinal="11" path="1" offset="78" offsetend="86" sl="15" fileid="1" />
              </BranchPoints>
              <MethodPoint vc="11" uspid="0" p8:type="SequencePoint" ordinal="0" offset="0" sc="0" sl="12" ec="1" el="24" bec="0" bev="0" fileid="1" xmlns:p8="xsi" />
            </Method>
          </Methods>
        </Class>
        <Class>
          <Summary numSequencePoints="2" visitedSequencePoints="2" numBranchPoints="0" visitedBranchPoints="0" sequenceCoverage="100" branchCoverage="100" maxCyclomaticComplexity="1" minCyclomaticComplexity="1" visitedClasses="1" numClasses="1" visitedMethods="2" numMethods="2" />
          <FullName>CleanMinimalApi.Application.Versions.Entities.Version</FullName>
          <Methods>
            <Method cyclomaticComplexity="1" nPathComplexity="1" sequenceCoverage="100" branchCoverage="100" isConstructor="False" isGetter="True" isSetter="False" isStatic="True">
              <Summary numSequencePoints="1" visitedSequencePoints="1" numBranchPoints="0" visitedBranchPoints="0" sequenceCoverage="100" branchCoverage="100" maxCyclomaticComplexity="1" minCyclomaticComplexity="1" visitedClasses="0" numClasses="0" visitedMethods="1" numMethods="1" />
              <MetadataToken />
              <Name>System.String CleanMinimalApi.Application.Versions.Entities.Version::get_FileVersion()</Name>
              <FileRef uid="2" />
              <SequencePoints>
                <SequencePoint vc="3" uspid="5" ordinal="0" sl="5" sc="1" el="5" ec="2" bec="0" bev="0" fileid="2" />
              </SequencePoints>
              <BranchPoints />
              <MethodPoint vc="1" uspid="0" p8:type="SequencePoint" ordinal="0" offset="0" sc="0" sl="5" ec="1" el="5" bec="0" bev="0" fileid="2" xmlns:p8="xsi" />
            </Method>
            <Method cyclomaticComplexity="1" nPathComplexity="1" sequenceCoverage="100" branchCoverage="100" isConstructor="False" isGetter="True" isSetter="False" isStatic="True">
              <Summary numSequencePoints="1" visitedSequencePoints="1" numBranchPoints="0" visitedBranchPoints="0" sequenceCoverage="100" branchCoverage="100" maxCyclomaticComplexity="1" minCyclomaticComplexity="1" visitedClasses="0" numClasses="0" visitedMethods="1" numMethods="1" />
              <MetadataToken />
              <Name>System.String CleanMinimalApi.Application.Versions.Entities.Version::get_InformationalVersion()</Name>
              <FileRef uid="2" />
              <SequencePoints>
                <SequencePoint vc="3" uspid="7" ordinal="0" sl="7" sc="1" el="7" ec="2" bec="0" bev="0" fileid="2" />
              </SequencePoints>
              <BranchPoints />
              <MethodPoint vc="1" uspid="0" p8:type="SequencePoint" ordinal="1" offset="1" sc="0" sl="7" ec="1" el="7" bec="0" bev="0" fileid="2" xmlns:p8="xsi" />
            </Method>
          </Methods>
        </Class>
        <Class>
          <Summary numSequencePoints="1" visitedSequencePoints="1" numBranchPoints="0" visitedBranchPoints="0" sequenceCoverage="100" branchCoverage="100" maxCyclomaticComplexity="1" minCyclomaticComplexity="1" visitedClasses="1" numClasses="1" visitedMethods="1" numMethods="1" />
          <FullName>CleanMinimalApi.Application.Reviews.Queries.GetReviews.GetReviewsHandler</FullName>
          <Methods>
            <Method cyclomaticComplexity="1" nPathComplexity="1" sequenceCoverage="100" branchCoverage="100" isConstructor="True" isGetter="False" isSetter="False" isStatic="True">
              <Summary numSequencePoints="1" visitedSequencePoints="1" numBranchPoints="0" visitedBranchPoints="0" sequenceCoverage="100" branchCoverage="100" maxCyclomaticComplexity="1" minCyclomaticComplexity="1" visitedClasses="0" numClasses="0" visitedMethods="1" numMethods="1" />
              <MetadataToken />
              <Name>System.Void CleanMinimalApi.Application.Reviews.Queries.GetReviews.GetReviewsHandler::.ctor(CleanMinimalApi.Application.Reviews.IReviewsRepository)</Name>
              <FileRef uid="3" />
              <SequencePoints>
                <SequencePoint vc="1" uspid="8" ordinal="0" sl="8" sc="1" el="8" ec="2" bec="0" bev="0" fileid="3" />
              </SequencePoints>
              <BranchPoints />
              <MethodPoint vc="1" uspid="0" p8:type="SequencePoint" ordinal="0" offset="0" sc="0" sl="8" ec="1" el="8" bec="0" bev="0" fileid="3" xmlns:p8="xsi" />
            </Method>
          </Methods>
        </Class>
        <Class>
          <Summary numSequencePoints="3" visitedSequencePoints="3" numBranchPoints="0" visitedBranchPoints="0" sequenceCoverage="100" branchCoverage="100" maxCyclomaticComplexity="1" minCyclomaticComplexity="1" visitedClasses="1" numClasses="1" visitedMethods="1" numMethods="1" />
          <FullName>CleanMinimalApi.Application.Reviews.Queries.GetReviews.GetReviewsHandler/&lt;Handle&gt;d__2</FullName>
          <Methods>
            <Method cyclomaticComplexity="1" nPathComplexity="1" sequenceCoverage="100" branchCoverage="100" isConstructor="False" isGetter="False" isSetter="False" isStatic="True">
              <Summary numSequencePoints="3" visitedSequencePoints="3" numBranchPoints="0" visitedBranchPoints="0" sequenceCoverage="100" branchCoverage="100" maxCyclomaticComplexity="1" minCyclomaticComplexity="1" visitedClasses="0" numClasses="0" visitedMethods="1" numMethods="1" />
              <MetadataToken />
              <Name>System.Void CleanMinimalApi.Application.Reviews.Queries.GetReviews.GetReviewsHandler/&lt;Handle&gt;d__2::MoveNext()</Name>
              <FileRef uid="3" />
              <SequencePoints>
                <SequencePoint vc="1" uspid="11" ordinal="0" sl="11" sc="1" el="11" ec="2" bec="0" bev="0" fileid="3" />
                <SequencePoint vc="1" uspid="12" ordinal="1" sl="12" sc="1" el="12" ec="2" bec="0" bev="0" fileid="3" />
                <SequencePoint vc="1" uspid="13" ordinal="2" sl="13" sc="1" el="13" ec="2" bec="0" bev="0" fileid="3" />
              </SequencePoints>
              <BranchPoints />
              <MethodPoint vc="3" uspid="0" p8:type="SequencePoint" ordinal="0" offset="0" sc="0" sl="11" ec="1" el="13" bec="0" bev="0" fileid="3" xmlns:p8="xsi" />
            </Method>
          </Methods>
        </Class>
        <Class>
          <Summary numSequencePoints="1" visitedSequencePoints="1" numBranchPoints="0" visitedBranchPoints="0" sequenceCoverage="100" branchCoverage="100" maxCyclomaticComplexity="1" minCyclomaticComplexity="1" visitedClasses="1" numClasses="1" visitedMethods="1" numMethods="1" />
          <FullName>CleanMinimalApi.Application.Reviews.Queries.GetReviewById.GetReviewByIdHandler</FullName>
          <Methods>
            <Method cyclomaticComplexity="1" nPathComplexity="1" sequenceCoverage="100" branchCoverage="100" isConstructor="True" isGetter="False" isSetter="False" isStatic="True">
              <Summary numSequencePoints="1" visitedSequencePoints="1" numBranchPoints="0" visitedBranchPoints="0" sequenceCoverage="100" branchCoverage="100" maxCyclomaticComplexity="1" minCyclomaticComplexity="1" visitedClasses="0" numClasses="0" visitedMethods="1" numMethods="1" />
              <MetadataToken />
              <Name>System.Void CleanMinimalApi.Application.Reviews.Queries.GetReviewById.GetReviewByIdHandler::.ctor(CleanMinimalApi.Application.Reviews.IReviewsRepository)</Name>
              <FileRef uid="4" />
              <SequencePoints>
                <SequencePoint vc="2" uspid="10" ordinal="0" sl="10" sc="1" el="10" ec="2" bec="0" bev="0" fileid="4" />
              </SequencePoints>
              <BranchPoints />
              <MethodPoint vc="1" uspid="0" p8:type="SequencePoint" ordinal="0" offset="0" sc="0" sl="10" ec="1" el="10" bec="0" bev="0" fileid="4" xmlns:p8="xsi" />
            </Method>
          </Methods>
        </Class>
        <Class>
          <Summary numSequencePoints="5" visitedSequencePoints="5" numBranchPoints="0" visitedBranchPoints="0" sequenceCoverage="100" branchCoverage="100" maxCyclomaticComplexity="1" minCyclomaticComplexity="1" visitedClasses="1" numClasses="1" visitedMethods="1" numMethods="1" />
          <FullName>CleanMinimalApi.Application.Reviews.Queries.GetReviewById.GetReviewByIdHandler/&lt;Handle&gt;d__2</FullName>
          <Methods>
            <Method cyclomaticComplexity="1" nPathComplexity="1" sequenceCoverage="100" branchCoverage="100" isConstructor="False" isGetter="False" isSetter="False" isStatic="True">
              <Summary numSequencePoints="5" visitedSequencePoints="5" numBranchPoints="0" visitedBranchPoints="0" sequenceCoverage="100" branchCoverage="100" maxCyclomaticComplexity="1" minCyclomaticComplexity="1" visitedClasses="0" numClasses="0" visitedMethods="1" numMethods="1" />
              <MetadataToken />
              <Name>System.Void CleanMinimalApi.Application.Reviews.Queries.GetReviewById.GetReviewByIdHandler/&lt;Handle&gt;d__2::MoveNext()</Name>
              <FileRef uid="4" />
              <SequencePoints>
                <SequencePoint vc="2" uspid="13" ordinal="0" sl="13" sc="1" el="13" ec="2" bec="0" bev="0" fileid="4" />
                <SequencePoint vc="2" uspid="14" ordinal="1" sl="14" sc="1" el="14" ec="2" bec="0" bev="0" fileid="4" />
                <SequencePoint vc="2" uspid="16" ordinal="2" sl="16" sc="1" el="16" ec="2" bec="0" bev="0" fileid="4" />
                <SequencePoint vc="1" uspid="18" ordinal="3" sl="18" sc="1" el="18" ec="2" bec="0" bev="0" fileid="4" />
                <SequencePoint vc="1" uspid="19" ordinal="4" sl="19" sc="1" el="19" ec="2" bec="0" bev="0" fileid="4" />
              </SequencePoints>
              <BranchPoints />
              <MethodPoint vc="5" uspid="0" p8:type="SequencePoint" ordinal="0" offset="0" sc="0" sl="13" ec="1" el="19" bec="0" bev="0" fileid="4" xmlns:p8="xsi" />
            </Method>
          </Methods>
        </Class>
        <Class>
          <Summary numSequencePoints="1" visitedSequencePoints="1" numBranchPoints="0" visitedBranchPoints="0" sequenceCoverage="100" branchCoverage="100" maxCyclomaticComplexity="1" minCyclomaticComplexity="1" visitedClasses="1" numClasses="1" visitedMethods="1" numMethods="1" />
          <FullName>CleanMinimalApi.Application.Reviews.Queries.GetReviewById.GetReviewByIdQuery</FullName>
          <Methods>
            <Method cyclomaticComplexity="1" nPathComplexity="1" sequenceCoverage="100" branchCoverage="100" isConstructor="False" isGetter="True" isSetter="False" isStatic="True">
              <Summary numSequencePoints="1" visitedSequencePoints="1" numBranchPoints="0" visitedBranchPoints="0" sequenceCoverage="100" branchCoverage="100" maxCyclomaticComplexity="1" minCyclomaticComplexity="1" visitedClasses="0" numClasses="0" visitedMethods="1" numMethods="1" />
              <MetadataToken />
              <Name>System.Guid CleanMinimalApi.Application.Reviews.Queries.GetReviewById.GetReviewByIdQuery::get_Id()</Name>
              <FileRef uid="5" />
              <SequencePoints>
                <SequencePoint vc="6" uspid="8" ordinal="0" sl="8" sc="1" el="8" ec="2" bec="0" bev="0" fileid="5" />
              </SequencePoints>
              <BranchPoints />
              <MethodPoint vc="1" uspid="0" p8:type="SequencePoint" ordinal="0" offset="0" sc="0" sl="8" ec="1" el="8" bec="0" bev="0" fileid="5" xmlns:p8="xsi" />
            </Method>
          </Methods>
        </Class>
        <Class>
          <Summary numSequencePoints="5" visitedSequencePoints="4" numBranchPoints="0" visitedBranchPoints="0" sequenceCoverage="80" branchCoverage="100" maxCyclomaticComplexity="1" minCyclomaticComplexity="1" visitedClasses="1" numClasses="1" visitedMethods="4" numMethods="5" />
          <FullName>CleanMinimalApi.Application.Reviews.Entities.Review</FullName>
          <Methods>
            <Method cyclomaticComplexity="1" nPathComplexity="1" sequenceCoverage="100" branchCoverage="100" isConstructor="False" isGetter="True" isSetter="False" isStatic="True">
              <Summary numSequencePoints="1" visitedSequencePoints="1" numBranchPoints="0" visitedBranchPoints="0" sequenceCoverage="100" branchCoverage="100" maxCyclomaticComplexity="1" minCyclomaticComplexity="1" visitedClasses="0" numClasses="0" visitedMethods="1" numMethods="1" />
              <MetadataToken />
              <Name>System.Guid CleanMinimalApi.Application.Reviews.Entities.Review::get_Id()</Name>
              <FileRef uid="6" />
              <SequencePoints>
                <SequencePoint vc="2" uspid="7" ordinal="0" sl="7" sc="1" el="7" ec="2" bec="0" bev="0" fileid="6" />
              </SequencePoints>
              <BranchPoints />
              <MethodPoint vc="1" uspid="0" p8:type="SequencePoint" ordinal="0" offset="0" sc="0" sl="7" ec="1" el="7" bec="0" bev="0" fileid="6" xmlns:p8="xsi" />
            </Method>
            <Method cyclomaticComplexity="1" nPathComplexity="1" sequenceCoverage="100" branchCoverage="100" isConstructor="False" isGetter="True" isSetter="False" isStatic="True">
              <Summary numSequencePoints="1" visitedSequencePoints="1" numBranchPoints="0" visitedBranchPoints="0" sequenceCoverage="100" branchCoverage="100" maxCyclomaticComplexity="1" minCyclomaticComplexity="1" visitedClasses="0" numClasses="0" visitedMethods="1" numMethods="1" />
              <MetadataToken />
              <Name>System.Int32 CleanMinimalApi.Application.Reviews.Entities.Review::get_Stars()</Name>
              <FileRef uid="6" />
              <SequencePoints>
                <SequencePoint vc="2" uspid="8" ordinal="0" sl="8" sc="1" el="8" ec="2" bec="0" bev="0" fileid="6" />
              </SequencePoints>
              <BranchPoints />
              <MethodPoint vc="1" uspid="0" p8:type="SequencePoint" ordinal="1" offset="1" sc="0" sl="8" ec="1" el="8" bec="0" bev="0" fileid="6" xmlns:p8="xsi" />
            </Method>
            <Method cyclomaticComplexity="1" nPathComplexity="1" sequenceCoverage="0" branchCoverage="100" isConstructor="False" isGetter="True" isSetter="False" isStatic="True">
              <Summary numSequencePoints="1" visitedSequencePoints="0" numBranchPoints="0" visitedBranchPoints="0" sequenceCoverage="0" branchCoverage="100" maxCyclomaticComplexity="1" minCyclomaticComplexity="1" visitedClasses="0" numClasses="0" visitedMethods="0" numMethods="1" />
              <MetadataToken />
              <Name>CleanMinimalApi.Application.Movies.Entities.ReviewedMovie CleanMinimalApi.Application.Reviews.Entities.Review::get_ReviewedMovie()</Name>
              <FileRef uid="6" />
              <SequencePoints>
                <SequencePoint vc="0" uspid="9" ordinal="0" sl="9" sc="1" el="9" ec="2" bec="0" bev="0" fileid="6" />
              </SequencePoints>
              <BranchPoints />
              <MethodPoint vc="0" uspid="0" p8:type="SequencePoint" ordinal="2" offset="2" sc="0" sl="9" ec="1" el="9" bec="0" bev="0" fileid="6" xmlns:p8="xsi" />
            </Method>
            <Method cyclomaticComplexity="1" nPathComplexity="1" sequenceCoverage="100" branchCoverage="100" isConstructor="False" isGetter="True" isSetter="False" isStatic="True">
              <Summary numSequencePoints="1" visitedSequencePoints="1" numBranchPoints="0" visitedBranchPoints="0" sequenceCoverage="100" branchCoverage="100" maxCyclomaticComplexity="1" minCyclomaticComplexity="1" visitedClasses="0" numClasses="0" visitedMethods="1" numMethods="1" />
              <MetadataToken />
              <Name>CleanMinimalApi.Application.Authors.Entities.ReviewAuthor CleanMinimalApi.Application.Reviews.Entities.Review::get_ReviewAuthor()</Name>
              <FileRef uid="6" />
              <SequencePoints>
                <SequencePoint vc="2" uspid="10" ordinal="0" sl="10" sc="1" el="10" ec="2" bec="0" bev="0" fileid="6" />
              </SequencePoints>
              <BranchPoints />
              <MethodPoint vc="1" uspid="0" p8:type="SequencePoint" ordinal="3" offset="3" sc="0" sl="10" ec="1" el="10" bec="0" bev="0" fileid="6" xmlns:p8="xsi" />
            </Method>
            <Method cyclomaticComplexity="1" nPathComplexity="1" sequenceCoverage="100" branchCoverage="100" isConstructor="True" isGetter="False" isSetter="False" isStatic="True">
              <Summary numSequencePoints="1" visitedSequencePoints="1" numBranchPoints="0" visitedBranchPoints="0" sequenceCoverage="100" branchCoverage="100" maxCyclomaticComplexity="1" minCyclomaticComplexity="1" visitedClasses="0" numClasses="0" visitedMethods="1" numMethods="1" />
              <MetadataToken />
              <Name>System.Void CleanMinimalApi.Application.Reviews.Entities.Review::.ctor(System.Guid,System.Int32,CleanMinimalApi.Application.Movies.Entities.ReviewedMovie,CleanMinimalApi.Application.Authors.Entities.ReviewAuthor)</Name>
              <FileRef uid="6" />
              <SequencePoints>
                <SequencePoint vc="2" uspid="6" ordinal="0" sl="6" sc="1" el="6" ec="2" bec="0" bev="0" fileid="6" />
              </SequencePoints>
              <BranchPoints />
              <MethodPoint vc="1" uspid="0" p8:type="SequencePoint" ordinal="4" offset="4" sc="0" sl="6" ec="1" el="6" bec="0" bev="0" fileid="6" xmlns:p8="xsi" />
            </Method>
          </Methods>
        </Class>
        <Class>
          <Summary numSequencePoints="4" visitedSequencePoints="4" numBranchPoints="0" visitedBranchPoints="0" sequenceCoverage="100" branchCoverage="100" maxCyclomaticComplexity="1" minCyclomaticComplexity="1" visitedClasses="1" numClasses="1" visitedMethods="4" numMethods="4" />
          <FullName>CleanMinimalApi.Application.Reviews.Commands.UpdateReview.UpdateReviewCommand</FullName>
          <Methods>
            <Method cyclomaticComplexity="1" nPathComplexity="1" sequenceCoverage="100" branchCoverage="100" isConstructor="False" isGetter="True" isSetter="False" isStatic="True">
              <Summary numSequencePoints="1" visitedSequencePoints="1" numBranchPoints="0" visitedBranchPoints="0" sequenceCoverage="100" branchCoverage="100" maxCyclomaticComplexity="1" minCyclomaticComplexity="1" visitedClasses="0" numClasses="0" visitedMethods="1" numMethods="1" />
              <MetadataToken />
              <Name>System.Guid CleanMinimalApi.Application.Reviews.Commands.UpdateReview.UpdateReviewCommand::get_Id()</Name>
              <FileRef uid="7" />
              <SequencePoints>
                <SequencePoint vc="15" uspid="7" ordinal="0" sl="7" sc="1" el="7" ec="2" bec="0" bev="0" fileid="7" />
              </SequencePoints>
              <BranchPoints />
              <MethodPoint vc="1" uspid="0" p8:type="SequencePoint" ordinal="0" offset="0" sc="0" sl="7" ec="1" el="7" bec="0" bev="0" fileid="7" xmlns:p8="xsi" />
            </Method>
            <Method cyclomaticComplexity="1" nPathComplexity="1" sequenceCoverage="100" branchCoverage="100" isConstructor="False" isGetter="True" isSetter="False" isStatic="True">
              <Summary numSequencePoints="1" visitedSequencePoints="1" numBranchPoints="0" visitedBranchPoints="0" sequenceCoverage="100" branchCoverage="100" maxCyclomaticComplexity="1" minCyclomaticComplexity="1" visitedClasses="0" numClasses="0" visitedMethods="1" numMethods="1" />
              <MetadataToken />
              <Name>System.Guid CleanMinimalApi.Application.Reviews.Commands.UpdateReview.UpdateReviewCommand::get_AuthorId()</Name>
              <FileRef uid="7" />
              <SequencePoints>
                <SequencePoint vc="16" uspid="9" ordinal="0" sl="9" sc="1" el="9" ec="2" bec="0" bev="0" fileid="7" />
              </SequencePoints>
              <BranchPoints />
              <MethodPoint vc="1" uspid="0" p8:type="SequencePoint" ordinal="1" offset="1" sc="0" sl="9" ec="1" el="9" bec="0" bev="0" fileid="7" xmlns:p8="xsi" />
            </Method>
            <Method cyclomaticComplexity="1" nPathComplexity="1" sequenceCoverage="100" branchCoverage="100" isConstructor="False" isGetter="True" isSetter="False" isStatic="True">
              <Summary numSequencePoints="1" visitedSequencePoints="1" numBranchPoints="0" visitedBranchPoints="0" sequenceCoverage="100" branchCoverage="100" maxCyclomaticComplexity="1" minCyclomaticComplexity="1" visitedClasses="0" numClasses="0" visitedMethods="1" numMethods="1" />
              <MetadataToken />
              <Name>System.Guid CleanMinimalApi.Application.Reviews.Commands.UpdateReview.UpdateReviewCommand::get_MovieId()</Name>
              <FileRef uid="7" />
              <SequencePoints>
                <SequencePoint vc="15" uspid="11" ordinal="0" sl="11" sc="1" el="11" ec="2" bec="0" bev="0" fileid="7" />
              </SequencePoints>
              <BranchPoints />
              <MethodPoint vc="1" uspid="0" p8:type="SequencePoint" ordinal="2" offset="2" sc="0" sl="11" ec="1" el="11" bec="0" bev="0" fileid="7" xmlns:p8="xsi" />
            </Method>
            <Method cyclomaticComplexity="1" nPathComplexity="1" sequenceCoverage="100" branchCoverage="100" isConstructor="False" isGetter="True" isSetter="False" isStatic="True">
              <Summary numSequencePoints="1" visitedSequencePoints="1" numBranchPoints="0" visitedBranchPoints="0" sequenceCoverage="100" branchCoverage="100" maxCyclomaticComplexity="1" minCyclomaticComplexity="1" visitedClasses="0" numClasses="0" visitedMethods="1" numMethods="1" />
              <MetadataToken />
              <Name>System.Int32 CleanMinimalApi.Application.Reviews.Commands.UpdateReview.UpdateReviewCommand::get_Stars()</Name>
              <FileRef uid="7" />
              <SequencePoints>
                <SequencePoint vc="9" uspid="13" ordinal="0" sl="13" sc="1" el="13" ec="2" bec="0" bev="0" fileid="7" />
              </SequencePoints>
              <BranchPoints />
              <MethodPoint vc="1" uspid="0" p8:type="SequencePoint" ordinal="3" offset="3" sc="0" sl="13" ec="1" el="13" bec="0" bev="0" fileid="7" xmlns:p8="xsi" />
            </Method>
          </Methods>
        </Class>
        <Class>
          <Summary numSequencePoints="4" visitedSequencePoints="4" numBranchPoints="0" visitedBranchPoints="0" sequenceCoverage="100" branchCoverage="100" maxCyclomaticComplexity="1" minCyclomaticComplexity="1" visitedClasses="1" numClasses="1" visitedMethods="1" numMethods="1" />
          <FullName>CleanMinimalApi.Application.Reviews.Commands.UpdateReview.UpdateReviewHandler</FullName>
          <Methods>
            <Method cyclomaticComplexity="1" nPathComplexity="1" sequenceCoverage="100" branchCoverage="100" isConstructor="True" isGetter="False" isSetter="False" isStatic="True">
              <Summary numSequencePoints="4" visitedSequencePoints="4" numBranchPoints="0" visitedBranchPoints="0" sequenceCoverage="100" branchCoverage="100" maxCyclomaticComplexity="1" minCyclomaticComplexity="1" visitedClasses="0" numClasses="0" visitedMethods="1" numMethods="1" />
              <MetadataToken />
              <Name>System.Void CleanMinimalApi.Application.Reviews.Commands.UpdateReview.UpdateReviewHandler::.ctor(CleanMinimalApi.Application.Authors.IAuthorsRepository,CleanMinimalApi.Application.Movies.IMoviesRepository,CleanMinimalApi.Application.Reviews.IReviewsRepository)</Name>
              <FileRef uid="8" />
              <SequencePoints>
                <SequencePoint vc="4" uspid="11" ordinal="0" sl="11" sc="1" el="11" ec="2" bec="0" bev="0" fileid="8" />
                <SequencePoint vc="4" uspid="12" ordinal="1" sl="12" sc="1" el="12" ec="2" bec="0" bev="0" fileid="8" />
                <SequencePoint vc="4" uspid="13" ordinal="2" sl="13" sc="1" el="13" ec="2" bec="0" bev="0" fileid="8" />
                <SequencePoint vc="4" uspid="14" ordinal="3" sl="14" sc="1" el="14" ec="2" bec="0" bev="0" fileid="8" />
              </SequencePoints>
              <BranchPoints />
              <MethodPoint vc="4" uspid="0" p8:type="SequencePoint" ordinal="0" offset="0" sc="0" sl="11" ec="1" el="14" bec="0" bev="0" fileid="8" xmlns:p8="xsi" />
            </Method>
          </Methods>
        </Class>
        <Class>
          <Summary numSequencePoints="16" visitedSequencePoints="13" numBranchPoints="6" visitedBranchPoints="6" sequenceCoverage="81.25" branchCoverage="100" maxCyclomaticComplexity="6" minCyclomaticComplexity="6" visitedClasses="1" numClasses="1" visitedMethods="1" numMethods="1" />
          <FullName>CleanMinimalApi.Application.Reviews.Commands.UpdateReview.UpdateReviewHandler/&lt;Handle&gt;d__4</FullName>
          <Methods>
            <Method cyclomaticComplexity="6" nPathComplexity="6" sequenceCoverage="81.25" branchCoverage="100" isConstructor="False" isGetter="False" isSetter="False" isStatic="True">
              <Summary numSequencePoints="16" visitedSequencePoints="13" numBranchPoints="6" visitedBranchPoints="6" sequenceCoverage="81.25" branchCoverage="100" maxCyclomaticComplexity="6" minCyclomaticComplexity="6" visitedClasses="0" numClasses="0" visitedMethods="1" numMethods="1" />
              <MetadataToken />
              <Name>System.Void CleanMinimalApi.Application.Reviews.Commands.UpdateReview.UpdateReviewHandler/&lt;Handle&gt;d__4::MoveNext()</Name>
              <FileRef uid="8" />
              <SequencePoints>
                <SequencePoint vc="4" uspid="17" ordinal="0" sl="17" sc="1" el="17" ec="2" bec="0" bev="0" fileid="8" />
                <SequencePoint vc="4" uspid="18" ordinal="1" sl="18" sc="1" el="18" ec="2" bec="2" bev="2" fileid="8" />
                <SequencePoint vc="1" uspid="19" ordinal="2" sl="19" sc="1" el="19" ec="2" bec="0" bev="0" fileid="8" />
                <SequencePoint vc="1" uspid="20" ordinal="3" sl="20" sc="1" el="20" ec="2" bec="0" bev="0" fileid="8" />
                <SequencePoint vc="0" uspid="21" ordinal="4" sl="21" sc="1" el="21" ec="2" bec="0" bev="0" fileid="8" />
                <SequencePoint vc="3" uspid="23" ordinal="5" sl="23" sc="1" el="23" ec="2" bec="2" bev="2" fileid="8" />
                <SequencePoint vc="1" uspid="24" ordinal="6" sl="24" sc="1" el="24" ec="2" bec="0" bev="0" fileid="8" />
                <SequencePoint vc="1" uspid="25" ordinal="7" sl="25" sc="1" el="25" ec="2" bec="0" bev="0" fileid="8" />
                <SequencePoint vc="0" uspid="26" ordinal="8" sl="26" sc="1" el="26" ec="2" bec="0" bev="0" fileid="8" />
                <SequencePoint vc="2" uspid="28" ordinal="9" sl="28" sc="1" el="28" ec="2" bec="2" bev="2" fileid="8" />
                <SequencePoint vc="1" uspid="29" ordinal="10" sl="29" sc="1" el="29" ec="2" bec="0" bev="0" fileid="8" />
                <SequencePoint vc="1" uspid="30" ordinal="11" sl="30" sc="1" el="30" ec="2" bec="0" bev="0" fileid="8" />
                <SequencePoint vc="0" uspid="31" ordinal="12" sl="31" sc="1" el="31" ec="2" bec="0" bev="0" fileid="8" />
                <SequencePoint vc="1" uspid="33" ordinal="13" sl="33" sc="1" el="33" ec="2" bec="0" bev="0" fileid="8" />
                <SequencePoint vc="1" uspid="34" ordinal="14" sl="34" sc="1" el="34" ec="2" bec="0" bev="0" fileid="8" />
                <SequencePoint vc="1" uspid="35" ordinal="15" sl="35" sc="1" el="35" ec="2" bec="0" bev="0" fileid="8" />
              </SequencePoints>
              <BranchPoints>
                <BranchPoint vc="1" uspid="18" ordinal="0" path="0" offset="189" offsetend="191" sl="18" fileid="8" />
                <BranchPoint vc="3" uspid="18" ordinal="1" path="1" offset="189" offsetend="200" sl="18" fileid="8" />
                <BranchPoint vc="1" uspid="23" ordinal="2" path="0" offset="345" offsetend="347" sl="23" fileid="8" />
                <BranchPoint vc="2" uspid="23" ordinal="3" path="1" offset="345" offsetend="356" sl="23" fileid="8" />
                <BranchPoint vc="1" uspid="28" ordinal="4" path="0" offset="501" offsetend="503" sl="28" fileid="8" />
                <BranchPoint vc="1" uspid="28" ordinal="5" path="1" offset="501" offsetend="512" sl="28" fileid="8" />
              </BranchPoints>
              <MethodPoint vc="13" uspid="0" p8:type="SequencePoint" ordinal="0" offset="0" sc="0" sl="17" ec="1" el="35" bec="0" bev="0" fileid="8" xmlns:p8="xsi" />
            </Method>
          </Methods>
        </Class>
        <Class>
          <Summary numSequencePoints="1" visitedSequencePoints="1" numBranchPoints="0" visitedBranchPoints="0" sequenceCoverage="100" branchCoverage="100" maxCyclomaticComplexity="1" minCyclomaticComplexity="1" visitedClasses="1" numClasses="1" visitedMethods="1" numMethods="1" />
          <FullName>CleanMinimalApi.Application.Reviews.Commands.DeleteReview.DeleteReviewCommand</FullName>
          <Methods>
            <Method cyclomaticComplexity="1" nPathComplexity="1" sequenceCoverage="100" branchCoverage="100" isConstructor="False" isGetter="True" isSetter="False" isStatic="True">
              <Summary numSequencePoints="1" visitedSequencePoints="1" numBranchPoints="0" visitedBranchPoints="0" sequenceCoverage="100" branchCoverage="100" maxCyclomaticComplexity="1" minCyclomaticComplexity="1" visitedClasses="0" numClasses="0" visitedMethods="1" numMethods="1" />
              <MetadataToken />
              <Name>System.Guid CleanMinimalApi.Application.Reviews.Commands.DeleteReview.DeleteReviewCommand::get_Id()</Name>
              <FileRef uid="9" />
              <SequencePoints>
                <SequencePoint vc="9" uspid="7" ordinal="0" sl="7" sc="1" el="7" ec="2" bec="0" bev="0" fileid="9" />
              </SequencePoints>
              <BranchPoints />
              <MethodPoint vc="1" uspid="0" p8:type="SequencePoint" ordinal="0" offset="0" sc="0" sl="7" ec="1" el="7" bec="0" bev="0" fileid="9" xmlns:p8="xsi" />
            </Method>
          </Methods>
        </Class>
        <Class>
          <Summary numSequencePoints="1" visitedSequencePoints="1" numBranchPoints="0" visitedBranchPoints="0" sequenceCoverage="100" branchCoverage="100" maxCyclomaticComplexity="1" minCyclomaticComplexity="1" visitedClasses="1" numClasses="1" visitedMethods="1" numMethods="1" />
          <FullName>CleanMinimalApi.Application.Reviews.Commands.DeleteReview.DeleteReviewHandler</FullName>
          <Methods>
            <Method cyclomaticComplexity="1" nPathComplexity="1" sequenceCoverage="100" branchCoverage="100" isConstructor="True" isGetter="False" isSetter="False" isStatic="True">
              <Summary numSequencePoints="1" visitedSequencePoints="1" numBranchPoints="0" visitedBranchPoints="0" sequenceCoverage="100" branchCoverage="100" maxCyclomaticComplexity="1" minCyclomaticComplexity="1" visitedClasses="0" numClasses="0" visitedMethods="1" numMethods="1" />
              <MetadataToken />
              <Name>System.Void CleanMinimalApi.Application.Reviews.Commands.DeleteReview.DeleteReviewHandler::.ctor(CleanMinimalApi.Application.Reviews.IReviewsRepository)</Name>
              <FileRef uid="10" />
              <SequencePoints>
                <SequencePoint vc="2" uspid="9" ordinal="0" sl="9" sc="1" el="9" ec="2" bec="0" bev="0" fileid="10" />
              </SequencePoints>
              <BranchPoints />
              <MethodPoint vc="1" uspid="0" p8:type="SequencePoint" ordinal="0" offset="0" sc="0" sl="9" ec="1" el="9" bec="0" bev="0" fileid="10" xmlns:p8="xsi" />
            </Method>
          </Methods>
        </Class>
        <Class>
          <Summary numSequencePoints="7" visitedSequencePoints="6" numBranchPoints="2" visitedBranchPoints="2" sequenceCoverage="85.71" branchCoverage="100" maxCyclomaticComplexity="2" minCyclomaticComplexity="2" visitedClasses="1" numClasses="1" visitedMethods="1" numMethods="1" />
          <FullName>CleanMinimalApi.Application.Reviews.Commands.DeleteReview.DeleteReviewHandler/&lt;Handle&gt;d__2</FullName>
          <Methods>
            <Method cyclomaticComplexity="2" nPathComplexity="2" sequenceCoverage="85.71" branchCoverage="100" isConstructor="False" isGetter="False" isSetter="False" isStatic="True">
              <Summary numSequencePoints="7" visitedSequencePoints="6" numBranchPoints="2" visitedBranchPoints="2" sequenceCoverage="85.71" branchCoverage="100" maxCyclomaticComplexity="2" minCyclomaticComplexity="2" visitedClasses="0" numClasses="0" visitedMethods="1" numMethods="1" />
              <MetadataToken />
              <Name>System.Void CleanMinimalApi.Application.Reviews.Commands.DeleteReview.DeleteReviewHandler/&lt;Handle&gt;d__2::MoveNext()</Name>
              <FileRef uid="10" />
              <SequencePoints>
                <SequencePoint vc="2" uspid="12" ordinal="0" sl="12" sc="1" el="12" ec="2" bec="0" bev="0" fileid="10" />
                <SequencePoint vc="2" uspid="13" ordinal="1" sl="13" sc="1" el="13" ec="2" bec="2" bev="2" fileid="10" />
                <SequencePoint vc="1" uspid="14" ordinal="2" sl="14" sc="1" el="14" ec="2" bec="0" bev="0" fileid="10" />
                <SequencePoint vc="1" uspid="15" ordinal="3" sl="15" sc="1" el="15" ec="2" bec="0" bev="0" fileid="10" />
                <SequencePoint vc="0" uspid="16" ordinal="4" sl="16" sc="1" el="16" ec="2" bec="0" bev="0" fileid="10" />
                <SequencePoint vc="1" uspid="18" ordinal="5" sl="18" sc="1" el="18" ec="2" bec="0" bev="0" fileid="10" />
                <SequencePoint vc="1" uspid="19" ordinal="6" sl="19" sc="1" el="19" ec="2" bec="0" bev="0" fileid="10" />
              </SequencePoints>
              <BranchPoints>
                <BranchPoint vc="1" uspid="13" ordinal="0" path="0" offset="166" offsetend="168" sl="13" fileid="10" />
                <BranchPoint vc="1" uspid="13" ordinal="1" path="1" offset="166" offsetend="177" sl="13" fileid="10" />
              </BranchPoints>
              <MethodPoint vc="6" uspid="0" p8:type="SequencePoint" ordinal="0" offset="0" sc="0" sl="12" ec="1" el="19" bec="0" bev="0" fileid="10" xmlns:p8="xsi" />
            </Method>
          </Methods>
        </Class>
        <Class>
          <Summary numSequencePoints="3" visitedSequencePoints="3" numBranchPoints="0" visitedBranchPoints="0" sequenceCoverage="100" branchCoverage="100" maxCyclomaticComplexity="1" minCyclomaticComplexity="1" visitedClasses="1" numClasses="1" visitedMethods="3" numMethods="3" />
          <FullName>CleanMinimalApi.Application.Reviews.Commands.CreateReview.CreateReviewCommand</FullName>
          <Methods>
            <Method cyclomaticComplexity="1" nPathComplexity="1" sequenceCoverage="100" branchCoverage="100" isConstructor="False" isGetter="True" isSetter="False" isStatic="True">
              <Summary numSequencePoints="1" visitedSequencePoints="1" numBranchPoints="0" visitedBranchPoints="0" sequenceCoverage="100" branchCoverage="100" maxCyclomaticComplexity="1" minCyclomaticComplexity="1" visitedClasses="0" numClasses="0" visitedMethods="1" numMethods="1" />
              <MetadataToken />
              <Name>System.Guid CleanMinimalApi.Application.Reviews.Commands.CreateReview.CreateReviewCommand::get_AuthorId()</Name>
              <FileRef uid="11" />
              <SequencePoints>
                <SequencePoint vc="13" uspid="8" ordinal="0" sl="8" sc="1" el="8" ec="2" bec="0" bev="0" fileid="11" />
              </SequencePoints>
              <BranchPoints />
              <MethodPoint vc="1" uspid="0" p8:type="SequencePoint" ordinal="0" offset="0" sc="0" sl="8" ec="1" el="8" bec="0" bev="0" fileid="11" xmlns:p8="xsi" />
            </Method>
            <Method cyclomaticComplexity="1" nPathComplexity="1" sequenceCoverage="100" branchCoverage="100" isConstructor="False" isGetter="True" isSetter="False" isStatic="True">
              <Summary numSequencePoints="1" visitedSequencePoints="1" numBranchPoints="0" visitedBranchPoints="0" sequenceCoverage="100" branchCoverage="100" maxCyclomaticComplexity="1" minCyclomaticComplexity="1" visitedClasses="0" numClasses="0" visitedMethods="1" numMethods="1" />
              <MetadataToken />
              <Name>System.Guid CleanMinimalApi.Application.Reviews.Commands.CreateReview.CreateReviewCommand::get_MovieId()</Name>
              <FileRef uid="11" />
              <SequencePoints>
                <SequencePoint vc="12" uspid="10" ordinal="0" sl="10" sc="1" el="10" ec="2" bec="0" bev="0" fileid="11" />
              </SequencePoints>
              <BranchPoints />
              <MethodPoint vc="1" uspid="0" p8:type="SequencePoint" ordinal="1" offset="1" sc="0" sl="10" ec="1" el="10" bec="0" bev="0" fileid="11" xmlns:p8="xsi" />
            </Method>
            <Method cyclomaticComplexity="1" nPathComplexity="1" sequenceCoverage="100" branchCoverage="100" isConstructor="False" isGetter="True" isSetter="False" isStatic="True">
              <Summary numSequencePoints="1" visitedSequencePoints="1" numBranchPoints="0" visitedBranchPoints="0" sequenceCoverage="100" branchCoverage="100" maxCyclomaticComplexity="1" minCyclomaticComplexity="1" visitedClasses="0" numClasses="0" visitedMethods="1" numMethods="1" />
              <MetadataToken />
              <Name>System.Int32 CleanMinimalApi.Application.Reviews.Commands.CreateReview.CreateReviewCommand::get_Stars()</Name>
              <FileRef uid="11" />
              <SequencePoints>
                <SequencePoint vc="7" uspid="12" ordinal="0" sl="12" sc="1" el="12" ec="2" bec="0" bev="0" fileid="11" />
              </SequencePoints>
              <BranchPoints />
              <MethodPoint vc="1" uspid="0" p8:type="SequencePoint" ordinal="2" offset="2" sc="0" sl="12" ec="1" el="12" bec="0" bev="0" fileid="11" xmlns:p8="xsi" />
            </Method>
          </Methods>
        </Class>
        <Class>
          <Summary numSequencePoints="4" visitedSequencePoints="4" numBranchPoints="0" visitedBranchPoints="0" sequenceCoverage="100" branchCoverage="100" maxCyclomaticComplexity="1" minCyclomaticComplexity="1" visitedClasses="1" numClasses="1" visitedMethods="1" numMethods="1" />
          <FullName>CleanMinimalApi.Application.Reviews.Commands.CreateReview.CreateReviewHandler</FullName>
          <Methods>
            <Method cyclomaticComplexity="1" nPathComplexity="1" sequenceCoverage="100" branchCoverage="100" isConstructor="True" isGetter="False" isSetter="False" isStatic="True">
              <Summary numSequencePoints="4" visitedSequencePoints="4" numBranchPoints="0" visitedBranchPoints="0" sequenceCoverage="100" branchCoverage="100" maxCyclomaticComplexity="1" minCyclomaticComplexity="1" visitedClasses="0" numClasses="0" visitedMethods="1" numMethods="1" />
              <MetadataToken />
              <Name>System.Void CleanMinimalApi.Application.Reviews.Commands.CreateReview.CreateReviewHandler::.ctor(CleanMinimalApi.Application.Authors.IAuthorsRepository,CleanMinimalApi.Application.Movies.IMoviesRepository,CleanMinimalApi.Application.Reviews.IReviewsRepository)</Name>
              <FileRef uid="12" />
              <SequencePoints>
                <SequencePoint vc="3" uspid="12" ordinal="0" sl="12" sc="1" el="12" ec="2" bec="0" bev="0" fileid="12" />
                <SequencePoint vc="3" uspid="13" ordinal="1" sl="13" sc="1" el="13" ec="2" bec="0" bev="0" fileid="12" />
                <SequencePoint vc="3" uspid="14" ordinal="2" sl="14" sc="1" el="14" ec="2" bec="0" bev="0" fileid="12" />
                <SequencePoint vc="3" uspid="15" ordinal="3" sl="15" sc="1" el="15" ec="2" bec="0" bev="0" fileid="12" />
              </SequencePoints>
              <BranchPoints />
              <MethodPoint vc="4" uspid="0" p8:type="SequencePoint" ordinal="0" offset="0" sc="0" sl="12" ec="1" el="15" bec="0" bev="0" fileid="12" xmlns:p8="xsi" />
            </Method>
          </Methods>
        </Class>
        <Class>
          <Summary numSequencePoints="12" visitedSequencePoints="10" numBranchPoints="4" visitedBranchPoints="4" sequenceCoverage="83.33" branchCoverage="100" maxCyclomaticComplexity="4" minCyclomaticComplexity="4" visitedClasses="1" numClasses="1" visitedMethods="1" numMethods="1" />
          <FullName>CleanMinimalApi.Application.Reviews.Commands.CreateReview.CreateReviewHandler/&lt;Handle&gt;d__4</FullName>
          <Methods>
            <Method cyclomaticComplexity="4" nPathComplexity="4" sequenceCoverage="83.33" branchCoverage="100" isConstructor="False" isGetter="False" isSetter="False" isStatic="True">
              <Summary numSequencePoints="12" visitedSequencePoints="10" numBranchPoints="4" visitedBranchPoints="4" sequenceCoverage="83.33" branchCoverage="100" maxCyclomaticComplexity="4" minCyclomaticComplexity="4" visitedClasses="0" numClasses="0" visitedMethods="1" numMethods="1" />
              <MetadataToken />
              <Name>System.Void CleanMinimalApi.Application.Reviews.Commands.CreateReview.CreateReviewHandler/&lt;Handle&gt;d__4::MoveNext()</Name>
              <FileRef uid="12" />
              <SequencePoints>
                <SequencePoint vc="3" uspid="18" ordinal="0" sl="18" sc="1" el="18" ec="2" bec="0" bev="0" fileid="12" />
                <SequencePoint vc="3" uspid="19" ordinal="1" sl="19" sc="1" el="19" ec="2" bec="2" bev="2" fileid="12" />
                <SequencePoint vc="1" uspid="20" ordinal="2" sl="20" sc="1" el="20" ec="2" bec="0" bev="0" fileid="12" />
                <SequencePoint vc="1" uspid="21" ordinal="3" sl="21" sc="1" el="21" ec="2" bec="0" bev="0" fileid="12" />
                <SequencePoint vc="0" uspid="22" ordinal="4" sl="22" sc="1" el="22" ec="2" bec="0" bev="0" fileid="12" />
                <SequencePoint vc="2" uspid="24" ordinal="5" sl="24" sc="1" el="24" ec="2" bec="2" bev="2" fileid="12" />
                <SequencePoint vc="1" uspid="25" ordinal="6" sl="25" sc="1" el="25" ec="2" bec="0" bev="0" fileid="12" />
                <SequencePoint vc="1" uspid="26" ordinal="7" sl="26" sc="1" el="26" ec="2" bec="0" bev="0" fileid="12" />
                <SequencePoint vc="0" uspid="27" ordinal="8" sl="27" sc="1" el="27" ec="2" bec="0" bev="0" fileid="12" />
                <SequencePoint vc="1" uspid="29" ordinal="9" sl="29" sc="1" el="29" ec="2" bec="0" bev="0" fileid="12" />
                <SequencePoint vc="1" uspid="30" ordinal="10" sl="30" sc="1" el="30" ec="2" bec="0" bev="0" fileid="12" />
                <SequencePoint vc="1" uspid="31" ordinal="11" sl="31" sc="1" el="31" ec="2" bec="0" bev="0" fileid="12" />
              </SequencePoints>
              <BranchPoints>
                <BranchPoint vc="1" uspid="19" ordinal="0" path="0" offset="180" offsetend="182" sl="19" fileid="12" />
                <BranchPoint vc="2" uspid="19" ordinal="1" path="1" offset="180" offsetend="191" sl="19" fileid="12" />
                <BranchPoint vc="1" uspid="24" ordinal="2" path="0" offset="336" offsetend="338" sl="24" fileid="12" />
                <BranchPoint vc="1" uspid="24" ordinal="3" path="1" offset="336" offsetend="347" sl="24" fileid="12" />
              </BranchPoints>
              <MethodPoint vc="10" uspid="0" p8:type="SequencePoint" ordinal="0" offset="0" sc="0" sl="18" ec="1" el="31" bec="0" bev="0" fileid="12" xmlns:p8="xsi" />
            </Method>
          </Methods>
        </Class>
        <Class>
          <Summary numSequencePoints="1" visitedSequencePoints="1" numBranchPoints="0" visitedBranchPoints="0" sequenceCoverage="100" branchCoverage="100" maxCyclomaticComplexity="1" minCyclomaticComplexity="1" visitedClasses="1" numClasses="1" visitedMethods="1" numMethods="1" />
          <FullName>CleanMinimalApi.Application.Movies.Queries.GetMovies.GetMoviesHandler</FullName>
          <Methods>
            <Method cyclomaticComplexity="1" nPathComplexity="1" sequenceCoverage="100" branchCoverage="100" isConstructor="True" isGetter="False" isSetter="False" isStatic="True">
              <Summary numSequencePoints="1" visitedSequencePoints="1" numBranchPoints="0" visitedBranchPoints="0" sequenceCoverage="100" branchCoverage="100" maxCyclomaticComplexity="1" minCyclomaticComplexity="1" visitedClasses="0" numClasses="0" visitedMethods="1" numMethods="1" />
              <MetadataToken />
              <Name>System.Void CleanMinimalApi.Application.Movies.Queries.GetMovies.GetMoviesHandler::.ctor(CleanMinimalApi.Application.Movies.IMoviesRepository)</Name>
              <FileRef uid="13" />
              <SequencePoints>
                <SequencePoint vc="1" uspid="8" ordinal="0" sl="8" sc="1" el="8" ec="2" bec="0" bev="0" fileid="13" />
              </SequencePoints>
              <BranchPoints />
              <MethodPoint vc="1" uspid="0" p8:type="SequencePoint" ordinal="0" offset="0" sc="0" sl="8" ec="1" el="8" bec="0" bev="0" fileid="13" xmlns:p8="xsi" />
            </Method>
          </Methods>
        </Class>
        <Class>
          <Summary numSequencePoints="3" visitedSequencePoints="3" numBranchPoints="0" visitedBranchPoints="0" sequenceCoverage="100" branchCoverage="100" maxCyclomaticComplexity="1" minCyclomaticComplexity="1" visitedClasses="1" numClasses="1" visitedMethods="1" numMethods="1" />
          <FullName>CleanMinimalApi.Application.Movies.Queries.GetMovies.GetMoviesHandler/&lt;Handle&gt;d__2</FullName>
          <Methods>
            <Method cyclomaticComplexity="1" nPathComplexity="1" sequenceCoverage="100" branchCoverage="100" isConstructor="False" isGetter="False" isSetter="False" isStatic="True">
              <Summary numSequencePoints="3" visitedSequencePoints="3" numBranchPoints="0" visitedBranchPoints="0" sequenceCoverage="100" branchCoverage="100" maxCyclomaticComplexity="1" minCyclomaticComplexity="1" visitedClasses="0" numClasses="0" visitedMethods="1" numMethods="1" />
              <MetadataToken />
              <Name>System.Void CleanMinimalApi.Application.Movies.Queries.GetMovies.GetMoviesHandler/&lt;Handle&gt;d__2::MoveNext()</Name>
              <FileRef uid="13" />
              <SequencePoints>
                <SequencePoint vc="1" uspid="11" ordinal="0" sl="11" sc="1" el="11" ec="2" bec="0" bev="0" fileid="13" />
                <SequencePoint vc="1" uspid="12" ordinal="1" sl="12" sc="1" el="12" ec="2" bec="0" bev="0" fileid="13" />
                <SequencePoint vc="1" uspid="13" ordinal="2" sl="13" sc="1" el="13" ec="2" bec="0" bev="0" fileid="13" />
              </SequencePoints>
              <BranchPoints />
              <MethodPoint vc="3" uspid="0" p8:type="SequencePoint" ordinal="0" offset="0" sc="0" sl="11" ec="1" el="13" bec="0" bev="0" fileid="13" xmlns:p8="xsi" />
            </Method>
          </Methods>
        </Class>
        <Class>
          <Summary numSequencePoints="1" visitedSequencePoints="1" numBranchPoints="0" visitedBranchPoints="0" sequenceCoverage="100" branchCoverage="100" maxCyclomaticComplexity="1" minCyclomaticComplexity="1" visitedClasses="1" numClasses="1" visitedMethods="1" numMethods="1" />
          <FullName>CleanMinimalApi.Application.Movies.Queries.GetMovieById.GetMovieByIdHandler</FullName>
          <Methods>
            <Method cyclomaticComplexity="1" nPathComplexity="1" sequenceCoverage="100" branchCoverage="100" isConstructor="True" isGetter="False" isSetter="False" isStatic="True">
              <Summary numSequencePoints="1" visitedSequencePoints="1" numBranchPoints="0" visitedBranchPoints="0" sequenceCoverage="100" branchCoverage="100" maxCyclomaticComplexity="1" minCyclomaticComplexity="1" visitedClasses="0" numClasses="0" visitedMethods="1" numMethods="1" />
              <MetadataToken />
              <Name>System.Void CleanMinimalApi.Application.Movies.Queries.GetMovieById.GetMovieByIdHandler::.ctor(CleanMinimalApi.Application.Movies.IMoviesRepository)</Name>
              <FileRef uid="14" />
              <SequencePoints>
                <SequencePoint vc="2" uspid="10" ordinal="0" sl="10" sc="1" el="10" ec="2" bec="0" bev="0" fileid="14" />
              </SequencePoints>
              <BranchPoints />
              <MethodPoint vc="1" uspid="0" p8:type="SequencePoint" ordinal="0" offset="0" sc="0" sl="10" ec="1" el="10" bec="0" bev="0" fileid="14" xmlns:p8="xsi" />
            </Method>
          </Methods>
        </Class>
        <Class>
          <Summary numSequencePoints="5" visitedSequencePoints="5" numBranchPoints="0" visitedBranchPoints="0" sequenceCoverage="100" branchCoverage="100" maxCyclomaticComplexity="1" minCyclomaticComplexity="1" visitedClasses="1" numClasses="1" visitedMethods="1" numMethods="1" />
          <FullName>CleanMinimalApi.Application.Movies.Queries.GetMovieById.GetMovieByIdHandler/&lt;Handle&gt;d__2</FullName>
          <Methods>
            <Method cyclomaticComplexity="1" nPathComplexity="1" sequenceCoverage="100" branchCoverage="100" isConstructor="False" isGetter="False" isSetter="False" isStatic="True">
              <Summary numSequencePoints="5" visitedSequencePoints="5" numBranchPoints="0" visitedBranchPoints="0" sequenceCoverage="100" branchCoverage="100" maxCyclomaticComplexity="1" minCyclomaticComplexity="1" visitedClasses="0" numClasses="0" visitedMethods="1" numMethods="1" />
              <MetadataToken />
              <Name>System.Void CleanMinimalApi.Application.Movies.Queries.GetMovieById.GetMovieByIdHandler/&lt;Handle&gt;d__2::MoveNext()</Name>
              <FileRef uid="14" />
              <SequencePoints>
                <SequencePoint vc="2" uspid="13" ordinal="0" sl="13" sc="1" el="13" ec="2" bec="0" bev="0" fileid="14" />
                <SequencePoint vc="2" uspid="14" ordinal="1" sl="14" sc="1" el="14" ec="2" bec="0" bev="0" fileid="14" />
                <SequencePoint vc="2" uspid="16" ordinal="2" sl="16" sc="1" el="16" ec="2" bec="0" bev="0" fileid="14" />
                <SequencePoint vc="1" uspid="18" ordinal="3" sl="18" sc="1" el="18" ec="2" bec="0" bev="0" fileid="14" />
                <SequencePoint vc="1" uspid="19" ordinal="4" sl="19" sc="1" el="19" ec="2" bec="0" bev="0" fileid="14" />
              </SequencePoints>
              <BranchPoints />
              <MethodPoint vc="5" uspid="0" p8:type="SequencePoint" ordinal="0" offset="0" sc="0" sl="13" ec="1" el="19" bec="0" bev="0" fileid="14" xmlns:p8="xsi" />
            </Method>
          </Methods>
        </Class>
        <Class>
          <Summary numSequencePoints="1" visitedSequencePoints="1" numBranchPoints="0" visitedBranchPoints="0" sequenceCoverage="100" branchCoverage="100" maxCyclomaticComplexity="1" minCyclomaticComplexity="1" visitedClasses="1" numClasses="1" visitedMethods="1" numMethods="1" />
          <FullName>CleanMinimalApi.Application.Movies.Queries.GetMovieById.GetMovieByIdQuery</FullName>
          <Methods>
            <Method cyclomaticComplexity="1" nPathComplexity="1" sequenceCoverage="100" branchCoverage="100" isConstructor="False" isGetter="True" isSetter="False" isStatic="True">
              <Summary numSequencePoints="1" visitedSequencePoints="1" numBranchPoints="0" visitedBranchPoints="0" sequenceCoverage="100" branchCoverage="100" maxCyclomaticComplexity="1" minCyclomaticComplexity="1" visitedClasses="0" numClasses="0" visitedMethods="1" numMethods="1" />
              <MetadataToken />
              <Name>System.Guid CleanMinimalApi.Application.Movies.Queries.GetMovieById.GetMovieByIdQuery::get_Id()</Name>
              <FileRef uid="15" />
              <SequencePoints>
                <SequencePoint vc="6" uspid="10" ordinal="0" sl="10" sc="1" el="10" ec="2" bec="0" bev="0" fileid="15" />
              </SequencePoints>
              <BranchPoints />
              <MethodPoint vc="1" uspid="0" p8:type="SequencePoint" ordinal="0" offset="0" sc="0" sl="10" ec="1" el="10" bec="0" bev="0" fileid="15" xmlns:p8="xsi" />
            </Method>
          </Methods>
        </Class>
        <Class>
          <Summary numSequencePoints="1" visitedSequencePoints="1" numBranchPoints="0" visitedBranchPoints="0" sequenceCoverage="100" branchCoverage="100" maxCyclomaticComplexity="1" minCyclomaticComplexity="1" visitedClasses="1" numClasses="1" visitedMethods="1" numMethods="1" />
          <FullName>CleanMinimalApi.Application.Movies.Entities.Movie</FullName>
          <Methods>
            <Method cyclomaticComplexity="1" nPathComplexity="1" sequenceCoverage="100" branchCoverage="100" isConstructor="False" isGetter="True" isSetter="False" isStatic="True">
              <Summary numSequencePoints="1" visitedSequencePoints="1" numBranchPoints="0" visitedBranchPoints="0" sequenceCoverage="100" branchCoverage="100" maxCyclomaticComplexity="1" minCyclomaticComplexity="1" visitedClasses="0" numClasses="0" visitedMethods="1" numMethods="1" />
              <MetadataToken />
              <Name>System.Guid CleanMinimalApi.Application.Movies.Entities.Movie::get_Id()</Name>
              <FileRef uid="16" />
              <SequencePoints>
                <SequencePoint vc="7" uspid="5" ordinal="0" sl="5" sc="1" el="5" ec="2" bec="0" bev="0" fileid="16" />
              </SequencePoints>
              <BranchPoints />
              <MethodPoint vc="1" uspid="0" p8:type="SequencePoint" ordinal="0" offset="0" sc="0" sl="5" ec="1" el="5" bec="0" bev="0" fileid="16" xmlns:p8="xsi" />
            </Method>
          </Methods>
        </Class>
        <Class>
          <Summary numSequencePoints="1" visitedSequencePoints="0" numBranchPoints="0" visitedBranchPoints="0" sequenceCoverage="0" branchCoverage="100" maxCyclomaticComplexity="1" minCyclomaticComplexity="1" visitedClasses="0" numClasses="1" visitedMethods="0" numMethods="1" />
          <FullName>CleanMinimalApi.Application.Movies.Entities.ReviewedMovie</FullName>
          <Methods>
            <Method cyclomaticComplexity="1" nPathComplexity="1" sequenceCoverage="0" branchCoverage="100" isConstructor="False" isGetter="True" isSetter="False" isStatic="True">
              <Summary numSequencePoints="1" visitedSequencePoints="0" numBranchPoints="0" visitedBranchPoints="0" sequenceCoverage="0" branchCoverage="100" maxCyclomaticComplexity="1" minCyclomaticComplexity="1" visitedClasses="0" numClasses="0" visitedMethods="0" numMethods="1" />
              <MetadataToken />
              <Name>System.Guid CleanMinimalApi.Application.Movies.Entities.ReviewedMovie::get_Id()</Name>
              <FileRef uid="17" />
              <SequencePoints>
                <SequencePoint vc="0" uspid="3" ordinal="0" sl="3" sc="1" el="3" ec="2" bec="0" bev="0" fileid="17" />
              </SequencePoints>
              <BranchPoints />
              <MethodPoint vc="0" uspid="0" p8:type="SequencePoint" ordinal="0" offset="0" sc="0" sl="3" ec="1" el="3" bec="0" bev="0" fileid="17" xmlns:p8="xsi" />
            </Method>
          </Methods>
        </Class>
        <Class>
          <Summary numSequencePoints="9" visitedSequencePoints="8" numBranchPoints="2" visitedBranchPoints="2" sequenceCoverage="88.88" branchCoverage="100" maxCyclomaticComplexity="2" minCyclomaticComplexity="1" visitedClasses="1" numClasses="1" visitedMethods="3" numMethods="3" />
          <FullName>CleanMinimalApi.Application.Common.Exceptions.NotFoundException</FullName>
          <Methods>
            <Method cyclomaticComplexity="2" nPathComplexity="2" sequenceCoverage="83.33" branchCoverage="100" isConstructor="False" isGetter="False" isSetter="False" isStatic="True">
              <Summary numSequencePoints="6" visitedSequencePoints="5" numBranchPoints="2" visitedBranchPoints="2" sequenceCoverage="83.33" branchCoverage="100" maxCyclomaticComplexity="2" minCyclomaticComplexity="2" visitedClasses="0" numClasses="0" visitedMethods="1" numMethods="1" />
              <MetadataToken />
              <Name>System.Void CleanMinimalApi.Application.Common.Exceptions.NotFoundException::ThrowIfNull(System.Object,CleanMinimalApi.Application.Common.Enums.EntityType)</Name>
              <FileRef uid="18" />
              <SequencePoints>
                <SequencePoint vc="8" uspid="12" ordinal="0" sl="12" sc="1" el="12" ec="2" bec="0" bev="0" fileid="18" />
                <SequencePoint vc="8" uspid="13" ordinal="1" sl="13" sc="1" el="13" ec="2" bec="2" bev="2" fileid="18" />
                <SequencePoint vc="4" uspid="14" ordinal="2" sl="14" sc="1" el="14" ec="2" bec="0" bev="0" fileid="18" />
                <SequencePoint vc="4" uspid="15" ordinal="3" sl="15" sc="1" el="15" ec="2" bec="0" bev="0" fileid="18" />
                <SequencePoint vc="0" uspid="16" ordinal="4" sl="16" sc="1" el="16" ec="2" bec="0" bev="0" fileid="18" />
                <SequencePoint vc="4" uspid="17" ordinal="5" sl="17" sc="1" el="17" ec="2" bec="0" bev="0" fileid="18" />
              </SequencePoints>
              <BranchPoints>
                <BranchPoint vc="4" uspid="13" ordinal="0" path="0" offset="7" offsetend="9" sl="13" fileid="18" />
                <BranchPoint vc="4" uspid="13" ordinal="1" path="1" offset="7" offsetend="18" sl="13" fileid="18" />
              </BranchPoints>
              <MethodPoint vc="5" uspid="0" p8:type="SequencePoint" ordinal="0" offset="0" sc="0" sl="12" ec="1" el="17" bec="0" bev="0" fileid="18" xmlns:p8="xsi" />
            </Method>
            <Method cyclomaticComplexity="1" nPathComplexity="1" sequenceCoverage="100" branchCoverage="100" isConstructor="False" isGetter="False" isSetter="False" isStatic="True">
              <Summary numSequencePoints="2" visitedSequencePoints="2" numBranchPoints="0" visitedBranchPoints="0" sequenceCoverage="100" branchCoverage="100" maxCyclomaticComplexity="1" minCyclomaticComplexity="1" visitedClasses="0" numClasses="0" visitedMethods="1" numMethods="1" />
              <MetadataToken />
              <Name>System.Void CleanMinimalApi.Application.Common.Exceptions.NotFoundException::Throw(CleanMinimalApi.Application.Common.Enums.EntityType)</Name>
              <FileRef uid="18" />
              <SequencePoints>
                <SequencePoint vc="11" uspid="22" ordinal="0" sl="22" sc="1" el="22" ec="2" bec="0" bev="0" fileid="18" />
                <SequencePoint vc="11" uspid="23" ordinal="1" sl="23" sc="1" el="23" ec="2" bec="0" bev="0" fileid="18" />
              </SequencePoints>
              <BranchPoints />
              <MethodPoint vc="2" uspid="0" p8:type="SequencePoint" ordinal="1" offset="1" sc="0" sl="22" ec="1" el="23" bec="0" bev="0" fileid="18" xmlns:p8="xsi" />
            </Method>
            <Method cyclomaticComplexity="1" nPathComplexity="1" sequenceCoverage="100" branchCoverage="100" isConstructor="True" isGetter="False" isSetter="False" isStatic="True">
              <Summary numSequencePoints="1" visitedSequencePoints="1" numBranchPoints="0" visitedBranchPoints="0" sequenceCoverage="100" branchCoverage="100" maxCyclomaticComplexity="1" minCyclomaticComplexity="1" visitedClasses="0" numClasses="0" visitedMethods="1" numMethods="1" />
              <MetadataToken />
              <Name>System.Void CleanMinimalApi.Application.Common.Exceptions.NotFoundException::.ctor(System.String)</Name>
              <FileRef uid="18" />
              <SequencePoints>
                <SequencePoint vc="11" uspid="6" ordinal="0" sl="6" sc="1" el="6" ec="2" bec="0" bev="0" fileid="18" />
              </SequencePoints>
              <BranchPoints />
              <MethodPoint vc="1" uspid="0" p8:type="SequencePoint" ordinal="2" offset="2" sc="0" sl="6" ec="1" el="6" bec="0" bev="0" fileid="18" xmlns:p8="xsi" />
            </Method>
          </Methods>
        </Class>
        <Class>
          <Summary numSequencePoints="1" visitedSequencePoints="1" numBranchPoints="0" visitedBranchPoints="0" sequenceCoverage="100" branchCoverage="100" maxCyclomaticComplexity="1" minCyclomaticComplexity="1" visitedClasses="1" numClasses="1" visitedMethods="1" numMethods="1" />
          <FullName>CleanMinimalApi.Application.Authors.Queries.GetAuthors.GetAuthorsHandler</FullName>
          <Methods>
            <Method cyclomaticComplexity="1" nPathComplexity="1" sequenceCoverage="100" branchCoverage="100" isConstructor="True" isGetter="False" isSetter="False" isStatic="True">
              <Summary numSequencePoints="1" visitedSequencePoints="1" numBranchPoints="0" visitedBranchPoints="0" sequenceCoverage="100" branchCoverage="100" maxCyclomaticComplexity="1" minCyclomaticComplexity="1" visitedClasses="0" numClasses="0" visitedMethods="1" numMethods="1" />
              <MetadataToken />
              <Name>System.Void CleanMinimalApi.Application.Authors.Queries.GetAuthors.GetAuthorsHandler::.ctor(CleanMinimalApi.Application.Authors.IAuthorsRepository)</Name>
              <FileRef uid="19" />
              <SequencePoints>
                <SequencePoint vc="1" uspid="8" ordinal="0" sl="8" sc="1" el="8" ec="2" bec="0" bev="0" fileid="19" />
              </SequencePoints>
              <BranchPoints />
              <MethodPoint vc="1" uspid="0" p8:type="SequencePoint" ordinal="0" offset="0" sc="0" sl="8" ec="1" el="8" bec="0" bev="0" fileid="19" xmlns:p8="xsi" />
            </Method>
          </Methods>
        </Class>
        <Class>
          <Summary numSequencePoints="3" visitedSequencePoints="3" numBranchPoints="0" visitedBranchPoints="0" sequenceCoverage="100" branchCoverage="100" maxCyclomaticComplexity="1" minCyclomaticComplexity="1" visitedClasses="1" numClasses="1" visitedMethods="1" numMethods="1" />
          <FullName>CleanMinimalApi.Application.Authors.Queries.GetAuthors.GetAuthorsHandler/&lt;Handle&gt;d__2</FullName>
          <Methods>
            <Method cyclomaticComplexity="1" nPathComplexity="1" sequenceCoverage="100" branchCoverage="100" isConstructor="False" isGetter="False" isSetter="False" isStatic="True">
              <Summary numSequencePoints="3" visitedSequencePoints="3" numBranchPoints="0" visitedBranchPoints="0" sequenceCoverage="100" branchCoverage="100" maxCyclomaticComplexity="1" minCyclomaticComplexity="1" visitedClasses="0" numClasses="0" visitedMethods="1" numMethods="1" />
              <MetadataToken />
              <Name>System.Void CleanMinimalApi.Application.Authors.Queries.GetAuthors.GetAuthorsHandler/&lt;Handle&gt;d__2::MoveNext()</Name>
              <FileRef uid="19" />
              <SequencePoints>
                <SequencePoint vc="1" uspid="11" ordinal="0" sl="11" sc="1" el="11" ec="2" bec="0" bev="0" fileid="19" />
                <SequencePoint vc="1" uspid="12" ordinal="1" sl="12" sc="1" el="12" ec="2" bec="0" bev="0" fileid="19" />
                <SequencePoint vc="1" uspid="13" ordinal="2" sl="13" sc="1" el="13" ec="2" bec="0" bev="0" fileid="19" />
              </SequencePoints>
              <BranchPoints />
              <MethodPoint vc="3" uspid="0" p8:type="SequencePoint" ordinal="0" offset="0" sc="0" sl="11" ec="1" el="13" bec="0" bev="0" fileid="19" xmlns:p8="xsi" />
            </Method>
          </Methods>
        </Class>
        <Class>
          <Summary numSequencePoints="1" visitedSequencePoints="1" numBranchPoints="0" visitedBranchPoints="0" sequenceCoverage="100" branchCoverage="100" maxCyclomaticComplexity="1" minCyclomaticComplexity="1" visitedClasses="1" numClasses="1" visitedMethods="1" numMethods="1" />
          <FullName>CleanMinimalApi.Application.Authors.Queries.GetAuthorById.GetAuthorByIdHandler</FullName>
          <Methods>
            <Method cyclomaticComplexity="1" nPathComplexity="1" sequenceCoverage="100" branchCoverage="100" isConstructor="True" isGetter="False" isSetter="False" isStatic="True">
              <Summary numSequencePoints="1" visitedSequencePoints="1" numBranchPoints="0" visitedBranchPoints="0" sequenceCoverage="100" branchCoverage="100" maxCyclomaticComplexity="1" minCyclomaticComplexity="1" visitedClasses="0" numClasses="0" visitedMethods="1" numMethods="1" />
              <MetadataToken />
              <Name>System.Void CleanMinimalApi.Application.Authors.Queries.GetAuthorById.GetAuthorByIdHandler::.ctor(CleanMinimalApi.Application.Authors.IAuthorsRepository)</Name>
              <FileRef uid="20" />
              <SequencePoints>
                <SequencePoint vc="2" uspid="10" ordinal="0" sl="10" sc="1" el="10" ec="2" bec="0" bev="0" fileid="20" />
              </SequencePoints>
              <BranchPoints />
              <MethodPoint vc="1" uspid="0" p8:type="SequencePoint" ordinal="0" offset="0" sc="0" sl="10" ec="1" el="10" bec="0" bev="0" fileid="20" xmlns:p8="xsi" />
            </Method>
          </Methods>
        </Class>
        <Class>
          <Summary numSequencePoints="5" visitedSequencePoints="5" numBranchPoints="0" visitedBranchPoints="0" sequenceCoverage="100" branchCoverage="100" maxCyclomaticComplexity="1" minCyclomaticComplexity="1" visitedClasses="1" numClasses="1" visitedMethods="1" numMethods="1" />
          <FullName>CleanMinimalApi.Application.Authors.Queries.GetAuthorById.GetAuthorByIdHandler/&lt;Handle&gt;d__2</FullName>
          <Methods>
            <Method cyclomaticComplexity="1" nPathComplexity="1" sequenceCoverage="100" branchCoverage="100" isConstructor="False" isGetter="False" isSetter="False" isStatic="True">
              <Summary numSequencePoints="5" visitedSequencePoints="5" numBranchPoints="0" visitedBranchPoints="0" sequenceCoverage="100" branchCoverage="100" maxCyclomaticComplexity="1" minCyclomaticComplexity="1" visitedClasses="0" numClasses="0" visitedMethods="1" numMethods="1" />
              <MetadataToken />
              <Name>System.Void CleanMinimalApi.Application.Authors.Queries.GetAuthorById.GetAuthorByIdHandler/&lt;Handle&gt;d__2::MoveNext()</Name>
              <FileRef uid="20" />
              <SequencePoints>
                <SequencePoint vc="2" uspid="13" ordinal="0" sl="13" sc="1" el="13" ec="2" bec="0" bev="0" fileid="20" />
                <SequencePoint vc="2" uspid="14" ordinal="1" sl="14" sc="1" el="14" ec="2" bec="0" bev="0" fileid="20" />
                <SequencePoint vc="2" uspid="16" ordinal="2" sl="16" sc="1" el="16" ec="2" bec="0" bev="0" fileid="20" />
                <SequencePoint vc="1" uspid="18" ordinal="3" sl="18" sc="1" el="18" ec="2" bec="0" bev="0" fileid="20" />
                <SequencePoint vc="1" uspid="19" ordinal="4" sl="19" sc="1" el="19" ec="2" bec="0" bev="0" fileid="20" />
              </SequencePoints>
              <BranchPoints />
              <MethodPoint vc="5" uspid="0" p8:type="SequencePoint" ordinal="0" offset="0" sc="0" sl="13" ec="1" el="19" bec="0" bev="0" fileid="20" xmlns:p8="xsi" />
            </Method>
          </Methods>
        </Class>
        <Class>
          <Summary numSequencePoints="1" visitedSequencePoints="1" numBranchPoints="0" visitedBranchPoints="0" sequenceCoverage="100" branchCoverage="100" maxCyclomaticComplexity="1" minCyclomaticComplexity="1" visitedClasses="1" numClasses="1" visitedMethods="1" numMethods="1" />
          <FullName>CleanMinimalApi.Application.Authors.Queries.GetAuthorById.GetAuthorByIdQuery</FullName>
          <Methods>
            <Method cyclomaticComplexity="1" nPathComplexity="1" sequenceCoverage="100" branchCoverage="100" isConstructor="False" isGetter="True" isSetter="False" isStatic="True">
              <Summary numSequencePoints="1" visitedSequencePoints="1" numBranchPoints="0" visitedBranchPoints="0" sequenceCoverage="100" branchCoverage="100" maxCyclomaticComplexity="1" minCyclomaticComplexity="1" visitedClasses="0" numClasses="0" visitedMethods="1" numMethods="1" />
              <MetadataToken />
              <Name>System.Guid CleanMinimalApi.Application.Authors.Queries.GetAuthorById.GetAuthorByIdQuery::get_Id()</Name>
              <FileRef uid="21" />
              <SequencePoints>
                <SequencePoint vc="6" uspid="10" ordinal="0" sl="10" sc="1" el="10" ec="2" bec="0" bev="0" fileid="21" />
              </SequencePoints>
              <BranchPoints />
              <MethodPoint vc="1" uspid="0" p8:type="SequencePoint" ordinal="0" offset="0" sc="0" sl="10" ec="1" el="10" bec="0" bev="0" fileid="21" xmlns:p8="xsi" />
            </Method>
          </Methods>
        </Class>
        <Class>
          <Summary numSequencePoints="1" visitedSequencePoints="1" numBranchPoints="0" visitedBranchPoints="0" sequenceCoverage="100" branchCoverage="100" maxCyclomaticComplexity="1" minCyclomaticComplexity="1" visitedClasses="1" numClasses="1" visitedMethods="1" numMethods="1" />
          <FullName>CleanMinimalApi.Application.Authors.Entities.Author</FullName>
          <Methods>
            <Method cyclomaticComplexity="1" nPathComplexity="1" sequenceCoverage="100" branchCoverage="100" isConstructor="False" isGetter="True" isSetter="False" isStatic="True">
              <Summary numSequencePoints="1" visitedSequencePoints="1" numBranchPoints="0" visitedBranchPoints="0" sequenceCoverage="100" branchCoverage="100" maxCyclomaticComplexity="1" minCyclomaticComplexity="1" visitedClasses="0" numClasses="0" visitedMethods="1" numMethods="1" />
              <MetadataToken />
              <Name>System.Guid CleanMinimalApi.Application.Authors.Entities.Author::get_Id()</Name>
              <FileRef uid="22" />
              <SequencePoints>
                <SequencePoint vc="10" uspid="5" ordinal="0" sl="5" sc="1" el="5" ec="2" bec="0" bev="0" fileid="22" />
              </SequencePoints>
              <BranchPoints />
              <MethodPoint vc="1" uspid="0" p8:type="SequencePoint" ordinal="0" offset="0" sc="0" sl="5" ec="1" el="5" bec="0" bev="0" fileid="22" xmlns:p8="xsi" />
            </Method>
          </Methods>
        </Class>
        <Class>
          <Summary numSequencePoints="1" visitedSequencePoints="0" numBranchPoints="0" visitedBranchPoints="0" sequenceCoverage="0" branchCoverage="100" maxCyclomaticComplexity="1" minCyclomaticComplexity="1" visitedClasses="0" numClasses="1" visitedMethods="0" numMethods="1" />
          <FullName>CleanMinimalApi.Application.Authors.Entities.ReviewAuthor</FullName>
          <Methods>
            <Method cyclomaticComplexity="1" nPathComplexity="1" sequenceCoverage="0" branchCoverage="100" isConstructor="False" isGetter="True" isSetter="False" isStatic="True">
              <Summary numSequencePoints="1" visitedSequencePoints="0" numBranchPoints="0" visitedBranchPoints="0" sequenceCoverage="0" branchCoverage="100" maxCyclomaticComplexity="1" minCyclomaticComplexity="1" visitedClasses="0" numClasses="0" visitedMethods="0" numMethods="1" />
              <MetadataToken />
              <Name>System.Guid CleanMinimalApi.Application.Authors.Entities.ReviewAuthor::get_Id()</Name>
              <FileRef uid="23" />
              <SequencePoints>
                <SequencePoint vc="0" uspid="3" ordinal="0" sl="3" sc="1" el="3" ec="2" bec="0" bev="0" fileid="23" />
              </SequencePoints>
              <BranchPoints />
              <MethodPoint vc="0" uspid="0" p8:type="SequencePoint" ordinal="0" offset="0" sc="0" sl="3" ec="1" el="3" bec="0" bev="0" fileid="23" xmlns:p8="xsi" />
            </Method>
          </Methods>
        </Class>
      </Classes>
    </Module>
  </Modules>
</CoverageSession>